2021-10-06 21:54:46.774  INFO 14048 --- [restartedMain] c.c.employee.api.EmployeeApiApplication  : Starting EmployeeApiApplication using Java 16.0.2 on DESKTOP-CQSIPKL with PID 14048 (C:\Users\Avishek\java_learning\git_clone\springMicroservices\employee-api\target\classes started by Avishek in C:\Users\Avishek\java_learning\git_clone\springMicroservices\employee-api)
2021-10-06 21:54:46.778  INFO 14048 --- [restartedMain] c.c.employee.api.EmployeeApiApplication  : No active profile set, falling back to default profiles: default
2021-10-06 21:54:46.861  INFO 14048 --- [restartedMain] .e.DevToolsPropertyDefaultsPostProcessor : Devtools property defaults active! Set 'spring.devtools.add-properties' to 'false' to disable
2021-10-06 21:54:46.861  INFO 14048 --- [restartedMain] .e.DevToolsPropertyDefaultsPostProcessor : For additional web related logging consider setting the 'logging.level.web' property to 'DEBUG'
2021-10-06 21:54:48.236  INFO 14048 --- [restartedMain] .s.d.r.c.RepositoryConfigurationDelegate : Bootstrapping Spring Data JPA repositories in DEFAULT mode.
2021-10-06 21:54:48.345  INFO 14048 --- [restartedMain] .s.d.r.c.RepositoryConfigurationDelegate : Finished Spring Data repository scanning in 90 ms. Found 1 JPA repository interfaces.
2021-10-06 21:54:49.539  INFO 14048 --- [restartedMain] o.s.b.w.embedded.tomcat.TomcatWebServer  : Tomcat initialized with port(s): 8501 (http)
2021-10-06 21:54:49.578  INFO 14048 --- [restartedMain] o.apache.catalina.core.StandardService   : Starting service [Tomcat]
2021-10-06 21:54:49.579  INFO 14048 --- [restartedMain] org.apache.catalina.core.StandardEngine  : Starting Servlet engine: [Apache Tomcat/9.0.53]
2021-10-06 21:54:49.783  INFO 14048 --- [restartedMain] o.a.c.c.C.[Tomcat].[localhost].[/]       : Initializing Spring embedded WebApplicationContext
2021-10-06 21:54:49.783  INFO 14048 --- [restartedMain] w.s.c.ServletWebServerApplicationContext : Root WebApplicationContext: initialization completed in 2921 ms
2021-10-06 21:54:49.866  INFO 14048 --- [restartedMain] com.zaxxer.hikari.HikariDataSource       : HikariPool-1 - Starting...
2021-10-06 21:54:50.685  INFO 14048 --- [restartedMain] com.zaxxer.hikari.HikariDataSource       : HikariPool-1 - Start completed.
2021-10-06 21:54:50.697  INFO 14048 --- [restartedMain] o.s.b.a.h2.H2ConsoleAutoConfiguration    : H2 console available at '/h2-console'. Database available at 'jdbc:mysql://localhost:3306/codeolate'
2021-10-06 21:54:50.927  INFO 14048 --- [restartedMain] o.hibernate.jpa.internal.util.LogHelper  : HHH000204: Processing PersistenceUnitInfo [name: default]
2021-10-06 21:54:51.042  INFO 14048 --- [restartedMain] org.hibernate.Version                    : HHH000412: Hibernate ORM core version 5.4.32.Final
2021-10-06 21:54:51.312  INFO 14048 --- [restartedMain] o.hibernate.annotations.common.Version   : HCANN000001: Hibernate Commons Annotations {5.1.2.Final}
2021-10-06 21:54:51.537  INFO 14048 --- [restartedMain] org.hibernate.dialect.Dialect            : HHH000400: Using dialect: org.hibernate.dialect.MySQL8Dialect
2021-10-06 21:54:53.082  INFO 14048 --- [restartedMain] o.h.e.t.j.p.i.JtaPlatformInitiator       : HHH000490: Using JtaPlatform implementation: [org.hibernate.engine.transaction.jta.platform.internal.NoJtaPlatform]
2021-10-06 21:54:53.095  INFO 14048 --- [restartedMain] j.LocalContainerEntityManagerFactoryBean : Initialized JPA EntityManagerFactory for persistence unit 'default'
2021-10-06 21:54:53.951  WARN 14048 --- [restartedMain] JpaBaseConfiguration$JpaWebConfiguration : spring.jpa.open-in-view is enabled by default. Therefore, database queries may be performed during view rendering. Explicitly configure spring.jpa.open-in-view to disable this warning
2021-10-06 21:54:54.374  INFO 14048 --- [restartedMain] o.s.b.d.a.OptionalLiveReloadServer       : LiveReload server is running on port 35729
2021-10-06 21:54:54.436  INFO 14048 --- [restartedMain] o.s.b.w.embedded.tomcat.TomcatWebServer  : Tomcat started on port(s): 8501 (http) with context path ''
2021-10-06 21:54:54.446  INFO 14048 --- [restartedMain] c.c.employee.api.EmployeeApiApplication  : Started EmployeeApiApplication in 8.443 seconds (JVM running for 9.557)
2021-10-06 21:55:04.495  INFO 14048 --- [http-nio-8501-exec-1] o.a.c.c.C.[Tomcat].[localhost].[/]       : Initializing Spring DispatcherServlet 'dispatcherServlet'
2021-10-06 21:55:04.496  INFO 14048 --- [http-nio-8501-exec-1] o.s.web.servlet.DispatcherServlet        : Initializing Servlet 'dispatcherServlet'
2021-10-06 21:55:04.500  INFO 14048 --- [http-nio-8501-exec-1] o.s.web.servlet.DispatcherServlet        : Completed initialization in 3 ms
